2025-06-05 21:06:54,618 - __main__ - INFO - MongoDB connected to classy_skkkrapey
2025-06-05 21:06:54,619 - __main__ - INFO - Initialized IbizaSpotlightScraper with URL: https://www.ibiza-spotlight.com/night/events/2025/06
2025-06-05 21:06:54,619 - __main__ - INFO - Starting enhanced scraper run_id: 20250605_210654. CSV: scraped_events_20250605_210654.csv
2025-06-05 21:06:54,619 - __main__ - INFO - Starting with URL: https://www.ibiza-spotlight.com/night/events/2025/06
2025-06-05 21:06:54,622 - __main__ - INFO - Processing [0]: https://www.ibiza-spotlight.com/night/events/2025/06
2025-06-05 21:06:54,623 - __main__ - INFO - Main events page detected - extracting venue/club/promoter URLs only
2025-06-05 21:06:54,650 - __main__ - INFO - Fetching with enhanced Playwright scrolling: https://www.ibiza-spotlight.com/night/events/2025/06
2025-06-05 21:06:57,716 - __main__ - INFO - Waiting 5 seconds for initial page load...
2025-06-05 21:07:02,726 - __main__ - INFO - Scroll attempt 1: height 9675
2025-06-05 21:07:04,731 - __main__ - INFO - No new content detected after scroll attempt 1
2025-06-05 21:07:04,731 - __main__ - INFO - Completed scrolling after 1 attempts
2025-06-05 21:07:04,998 - __main__ - DEBUG - Found potential venue/club/promoter URL: https://www.ibiza-spotlight.com/night/venue/unvrs
2025-06-05 21:07:04,998 - __main__ - DEBUG - Found potential venue/club/promoter URL: https://www.ibiza-spotlight.com/night/venue/hi-ibiza
2025-06-05 21:07:04,998 - __main__ - DEBUG - Found potential venue/club/promoter URL: https://www.ibiza-spotlight.com/night/venue/akasha
2025-06-05 21:07:04,998 - __main__ - DEBUG - Found potential venue/club/promoter URL: https://www.ibiza-spotlight.com/night/venue/chinois-ibiza
2025-06-05 21:07:04,998 - __main__ - DEBUG - Found potential venue/club/promoter URL: https://www.ibiza-spotlight.com/night/venue/cova-santa
2025-06-05 21:07:04,998 - __main__ - DEBUG - Found potential venue/club/promoter URL: https://www.ibiza-spotlight.com/night/venue/playa-soleil-tnl
2025-06-05 21:07:04,998 - __main__ - DEBUG - Found potential venue/club/promoter URL: https://www.ibiza-spotlight.com/night/venue/tipic-formentera
2025-06-05 21:07:04,998 - __main__ - DEBUG - Found potential venue/club/promoter URL: https://www.ibiza-spotlight.com/night/venue/hard-rock-hotel
2025-06-05 21:07:04,998 - __main__ - DEBUG - Found potential venue/club/promoter URL: https://www.ibiza-spotlight.com/night/venue/boat-parties-san-antonio
2025-06-05 21:07:04,998 - __main__ - DEBUG - Found potential venue/club/promoter URL: https://www.ibiza-spotlight.com/night/venue/boat-parties-san-antonio
2025-06-05 21:07:04,998 - __main__ - DEBUG - Found potential venue/club/promoter URL: https://www.ibiza-spotlight.com/night/venue/boat-parties-san-antonio
2025-06-05 21:07:04,998 - __main__ - DEBUG - Found potential venue/club/promoter URL: https://www.ibiza-spotlight.com/night/venue/boat-parties-playa-den-bossa
2025-06-05 21:07:04,998 - __main__ - DEBUG - Found potential venue/club/promoter URL: https://www.ibiza-spotlight.com/night/venue/boat-parties-san-antonio
2025-06-05 21:07:04,998 - __main__ - DEBUG - Found potential venue/club/promoter URL: https://www.ibiza-spotlight.com/night/venue/boat-parties-playa-den-bossa
2025-06-05 21:07:04,998 - __main__ - DEBUG - Found potential venue/club/promoter URL: https://www.ibiza-spotlight.com/night/venue/boat-parties-playa-den-bossa
2025-06-05 21:07:04,998 - __main__ - DEBUG - Found potential venue/club/promoter URL: https://www.ibiza-spotlight.com/night/venue/boat-parties-playa-den-bossa
2025-06-05 21:07:05,013 - __main__ - DEBUG - Found potential venue/club/promoter URL: https://www.ibiza-spotlight.com/night/venue/unvrs
2025-06-05 21:07:05,013 - __main__ - DEBUG - Found potential venue/club/promoter URL: https://www.ibiza-spotlight.com/night/venue/hi-ibiza
2025-06-05 21:07:05,013 - __main__ - DEBUG - Found potential venue/club/promoter URL: https://www.ibiza-spotlight.com/night/venue/akasha
2025-06-05 21:07:05,013 - __main__ - DEBUG - Found potential venue/club/promoter URL: https://www.ibiza-spotlight.com/night/venue/chinois-ibiza
2025-06-05 21:07:05,013 - __main__ - DEBUG - Found potential venue/club/promoter URL: https://www.ibiza-spotlight.com/night/venue/cova-santa
2025-06-05 21:07:05,013 - __main__ - DEBUG - Found potential venue/club/promoter URL: https://www.ibiza-spotlight.com/night/venue/playa-soleil-tnl
2025-06-05 21:07:05,013 - __main__ - DEBUG - Found potential venue/club/promoter URL: https://www.ibiza-spotlight.com/venue/bam-bu-ku-ibiza
2025-06-05 21:07:05,014 - __main__ - DEBUG - Found potential venue/club/promoter URL: https://www.ibiza-spotlight.com/night/venue/tipic-formentera
2025-06-05 21:07:05,014 - __main__ - DEBUG - Found potential venue/club/promoter URL: https://www.ibiza-spotlight.com/night/venue/hard-rock-hotel
2025-06-05 21:07:05,014 - __main__ - DEBUG - Found potential venue/club/promoter URL: https://www.ibiza-spotlight.com/night/venue/boat-parties-san-antonio
2025-06-05 21:07:05,014 - __main__ - DEBUG - Found potential venue/club/promoter URL: https://www.ibiza-spotlight.com/night/venue/boat-parties-san-antonio
2025-06-05 21:07:05,014 - __main__ - DEBUG - Found potential venue/club/promoter URL: https://www.ibiza-spotlight.com/night/venue/boat-parties-san-antonio
2025-06-05 21:07:05,014 - __main__ - DEBUG - Found potential venue/club/promoter URL: https://www.ibiza-spotlight.com/night/venue/boat-parties-playa-den-bossa
2025-06-05 21:07:05,014 - __main__ - DEBUG - Found potential venue/club/promoter URL: https://www.ibiza-spotlight.com/night/venue/boat-parties-san-antonio
2025-06-05 21:07:05,014 - __main__ - DEBUG - Found potential venue/club/promoter URL: https://www.ibiza-spotlight.com/night/venue/boat-parties-playa-den-bossa
2025-06-05 21:07:05,014 - __main__ - DEBUG - Found potential venue/club/promoter URL: https://www.ibiza-spotlight.com/night/venue/boat-parties-playa-den-bossa
2025-06-05 21:07:05,014 - __main__ - DEBUG - Found potential venue/club/promoter URL: https://www.ibiza-spotlight.com/night/venue/boat-parties-playa-den-bossa
2025-06-05 21:07:05,046 - __main__ - DEBUG - Found potential venue/club/promoter URL: https://www.ibiza-spotlight.com/night/promoters/unvrs-opening-party
2025-06-05 21:07:05,047 - __main__ - DEBUG - Found potential venue/club/promoter URL: https://www.ibiza-spotlight.com/night/promoters/do-not-sleep-amnesia
2025-06-05 21:07:05,047 - __main__ - DEBUG - Found potential venue/club/promoter URL: https://www.ibiza-spotlight.com/night/promoters/pacha-pre-season-parties
2025-06-05 21:07:05,047 - __main__ - DEBUG - Found potential venue/club/promoter URL: https://www.ibiza-spotlight.com/night/promoters/camelphat-pacha
2025-06-05 21:07:05,047 - __main__ - DEBUG - Found potential venue/club/promoter URL: https://www.ibiza-spotlight.com/night/promoters/abracadabra-pacha
2025-06-05 21:07:05,047 - __main__ - DEBUG - Found potential venue/club/promoter URL: https://www.ibiza-spotlight.com/night/promoters/defected
2025-06-05 21:07:05,047 - __main__ - DEBUG - Found potential venue/club/promoter URL: https://www.ibiza-spotlight.com/night/promoters/music-on
2025-06-05 21:07:05,047 - __main__ - DEBUG - Found potential venue/club/promoter URL: https://www.ibiza-spotlight.com/night/promoters/pure-pacha
2025-06-05 21:07:05,047 - __main__ - DEBUG - Found potential venue/club/promoter URL: https://www.ibiza-spotlight.com/night/promoters/pacha-pre-season-parties
2025-06-05 21:07:05,047 - __main__ - DEBUG - Found potential venue/club/promoter URL: https://www.ibiza-spotlight.com/night/promoters/mestiza-hi
2025-06-05 21:07:05,047 - __main__ - DEBUG - Found potential venue/club/promoter URL: https://www.ibiza-spotlight.com/night/promoters/black-coffee
2025-06-05 21:07:05,048 - __main__ - DEBUG - Found potential venue/club/promoter URL: https://www.ibiza-spotlight.com/night/promoters/hi-glitterbox
2025-06-05 21:07:05,048 - __main__ - DEBUG - Found potential venue/club/promoter URL: https://www.ibiza-spotlight.com/night/promoters/tomorrowland-presents-dimitri-vegas-mike
2025-06-05 21:07:05,048 - __main__ - DEBUG - Found potential venue/club/promoter URL: https://www.ibiza-spotlight.com/night/promoters/calvin-harris-friday
2025-06-05 21:07:05,048 - __main__ - DEBUG - Found potential venue/club/promoter URL: https://www.ibiza-spotlight.com/night/promoters/ants
2025-06-05 21:07:05,048 - __main__ - DEBUG - Found potential venue/club/promoter URL: https://www.ibiza-spotlight.com/night/promoters/namaste
2025-06-05 21:07:05,048 - __main__ - DEBUG - Found potential venue/club/promoter URL: https://www.ibiza-spotlight.com/night/promoters/sven-vath-akasha
2025-06-05 21:07:05,048 - __main__ - DEBUG - Found potential venue/club/promoter URL: https://www.ibiza-spotlight.com/night/promoters/seladoria
2025-06-05 21:07:05,048 - __main__ - DEBUG - Found potential venue/club/promoter URL: https://www.ibiza-spotlight.com/night/promoters/supernova-las-dalias
2025-06-05 21:07:05,048 - __main__ - DEBUG - Found potential venue/club/promoter URL: https://www.ibiza-spotlight.com/night/promoters/nido
2025-06-05 21:07:05,048 - __main__ - DEBUG - Found potential venue/club/promoter URL: https://www.ibiza-spotlight.com/night/promoters/nothing-trouble-eden
2025-06-05 21:07:05,048 - __main__ - DEBUG - Found potential venue/club/promoter URL: https://www.ibiza-spotlight.com/night/promoters/drama-club
2025-06-05 21:07:05,048 - __main__ - DEBUG - Found potential venue/club/promoter URL: https://www.ibiza-spotlight.com/night/promoters/deeperfect-eden
2025-06-05 21:07:05,049 - __main__ - DEBUG - Found potential venue/club/promoter URL: https://www.ibiza-spotlight.com/night/promoters/one-more-time-eden
2025-06-05 21:07:05,049 - __main__ - DEBUG - Found potential venue/club/promoter URL: https://www.ibiza-spotlight.com/night/promoters/reboot-presents-eden
2025-06-05 21:07:05,049 - __main__ - DEBUG - Found potential venue/club/promoter URL: https://www.ibiza-spotlight.com/night/promoters/bukkle-ibiza
2025-06-05 21:07:05,049 - __main__ - DEBUG - Found potential venue/club/promoter URL: https://www.ibiza-spotlight.com/night/promoters/abode-eden
2025-06-05 21:07:05,049 - __main__ - DEBUG - Found potential venue/club/promoter URL: https://www.ibiza-spotlight.com/night/promoters/daydreamers
2025-06-05 21:07:05,049 - __main__ - DEBUG - Found potential venue/club/promoter URL: https://www.ibiza-spotlight.com/night/promoters/reboot-rocks
2025-06-05 21:07:05,049 - __main__ - DEBUG - Found potential venue/club/promoter URL: https://www.ibiza-spotlight.com/night/promoters/craig-davids-ts5
2025-06-05 21:07:05,049 - __main__ - DEBUG - Found potential venue/club/promoter URL: https://www.ibiza-spotlight.com/night/promoters/ibiza-anthems-ibiza-rocks
2025-06-05 21:07:05,049 - __main__ - DEBUG - Found potential venue/club/promoter URL: https://www.ibiza-spotlight.com/night/promoters/ibiza-rocks-pool-days
2025-06-05 21:07:05,049 - __main__ - DEBUG - Found potential venue/club/promoter URL: https://www.ibiza-spotlight.com/night/promoters/lovejuice-ibiza-rocks
2025-06-05 21:07:05,049 - __main__ - DEBUG - Found potential venue/club/promoter URL: https://www.ibiza-spotlight.com/night/promoters/r-and-b-affair
2025-06-05 21:07:05,049 - __main__ - DEBUG - Found potential venue/club/promoter URL: https://www.ibiza-spotlight.com/night/promoters/d4-d4nce-o-beach
2025-06-05 21:07:05,049 - __main__ - DEBUG - Found potential venue/club/promoter URL: https://www.ibiza-spotlight.com/night/promoters/kisstory-o-beach
2025-06-05 21:07:05,050 - __main__ - DEBUG - Found potential venue/club/promoter URL: https://www.ibiza-spotlight.com/night/promoters/house-paradise
2025-06-05 21:07:05,050 - __main__ - DEBUG - Found potential venue/club/promoter URL: https://www.ibiza-spotlight.com/night/promoters/one
2025-06-05 21:07:05,050 - __main__ - DEBUG - Found potential venue/club/promoter URL: https://www.ibiza-spotlight.com/night/promoters/pool-party-o-beach
2025-06-05 21:07:05,050 - __main__ - DEBUG - Found potential venue/club/promoter URL: https://www.ibiza-spotlight.com/night/promoters/soul-heaven
2025-06-05 21:07:05,050 - __main__ - DEBUG - Found potential venue/club/promoter URL: https://www.ibiza-spotlight.com/night/promoters/sin-sundays
2025-06-05 21:07:05,050 - __main__ - DEBUG - Found potential venue/club/promoter URL: https://www.ibiza-spotlight.com/night/promoters/appetite-chinois
2025-06-05 21:07:05,050 - __main__ - DEBUG - Found potential venue/club/promoter URL: https://www.ibiza-spotlight.com/night/promoters/chinois-presents
2025-06-05 21:07:05,050 - __main__ - DEBUG - Found potential venue/club/promoter URL: https://www.ibiza-spotlight.com/night/promoters/chinois-presents
2025-06-05 21:07:05,050 - __main__ - DEBUG - Found potential venue/club/promoter URL: https://www.ibiza-spotlight.com/night/promoters/masquerade-chinois
2025-06-05 21:07:05,050 - __main__ - DEBUG - Found potential venue/club/promoter URL: https://www.ibiza-spotlight.com/night/promoters/chinois-presents
2025-06-05 21:07:05,050 - __main__ - DEBUG - Found potential venue/club/promoter URL: https://www.ibiza-spotlight.com/night/promoters/gala-cova-santa
2025-06-05 21:07:05,050 - __main__ - DEBUG - Found potential venue/club/promoter URL: https://www.ibiza-spotlight.com/night/promoters/summerians-cova-santa
2025-06-05 21:07:05,051 - __main__ - DEBUG - Found potential venue/club/promoter URL: https://www.ibiza-spotlight.com/night/promoters/woomoon
2025-06-05 21:07:05,051 - __main__ - DEBUG - Found potential venue/club/promoter URL: https://www.ibiza-spotlight.com/night/promoters/utopic
2025-06-05 21:07:05,051 - __main__ - DEBUG - Found potential venue/club/promoter URL: https://www.ibiza-spotlight.com/night/promoters/pantheon
2025-06-05 21:07:05,051 - __main__ - DEBUG - Found potential venue/club/promoter URL: https://www.ibiza-spotlight.com/night/promoters/kaluki-528
2025-06-05 21:07:05,051 - __main__ - DEBUG - Found potential venue/club/promoter URL: https://www.ibiza-spotlight.com/night/promoters/saturdays
2025-06-05 21:07:05,051 - __main__ - DEBUG - Found potential venue/club/promoter URL: https://www.ibiza-spotlight.com/night/promoters/heavy-house-society-528
2025-06-05 21:07:05,051 - __main__ - DEBUG - Found potential venue/club/promoter URL: https://www.ibiza-spotlight.com/night/promoters/you-know-vibes
2025-06-05 21:07:05,051 - __main__ - DEBUG - Found potential venue/club/promoter URL: https://www.ibiza-spotlight.com/night/promoters/tuesdays-es-paradis
2025-06-05 21:07:05,051 - __main__ - DEBUG - Found potential venue/club/promoter URL: https://www.ibiza-spotlight.com/night/promoters/bubbles-champagne
2025-06-05 21:07:05,051 - __main__ - DEBUG - Found potential venue/club/promoter URL: https://www.ibiza-spotlight.com/night/promoters/thursdays-es-paradis
2025-06-05 21:07:05,051 - __main__ - DEBUG - Found potential venue/club/promoter URL: https://www.ibiza-spotlight.com/night/promoters/puro-reggaeton
2025-06-05 21:07:05,051 - __main__ - DEBUG - Found potential venue/club/promoter URL: https://www.ibiza-spotlight.com/night/promoters/fiesta-del-agua
2025-06-05 21:07:05,051 - __main__ - DEBUG - Found potential venue/club/promoter URL: https://www.ibiza-spotlight.com/night/promoters/sundays-es-paradis
2025-06-05 21:07:05,052 - __main__ - DEBUG - Found potential venue/club/promoter URL: https://www.ibiza-spotlight.com/night/promoters/all-i-need-playa-soleil
2025-06-05 21:07:05,052 - __main__ - DEBUG - Found potential venue/club/promoter URL: https://www.ibiza-spotlight.com/night/promoters/blanche-london
2025-06-05 21:07:05,052 - __main__ - DEBUG - Found potential venue/club/promoter URL: https://www.ibiza-spotlight.com/night/promoters/playground-toy-room
2025-06-05 21:07:05,052 - __main__ - DEBUG - Found potential venue/club/promoter URL: https://www.ibiza-spotlight.com/night/promoters/tiempo-nomis
2025-06-05 21:07:05,052 - __main__ - DEBUG - Found potential venue/club/promoter URL: https://www.ibiza-spotlight.com/night/promoters/vintage-lio
2025-06-05 21:07:05,052 - __main__ - DEBUG - Found potential venue/club/promoter URL: https://www.ibiza-spotlight.com/night/promoters/pandora
2025-06-05 21:07:05,052 - __main__ - DEBUG - Found potential venue/club/promoter URL: https://www.ibiza-spotlight.com/night/promoters/travieso
2025-06-05 21:07:05,052 - __main__ - DEBUG - Found potential venue/club/promoter URL: https://www.ibiza-spotlight.com/night/promoters/el-kiddo-bam-bu-ku
2025-06-05 21:07:05,052 - __main__ - DEBUG - Found potential venue/club/promoter URL: https://www.ibiza-spotlight.com/night/promoters/ibiza-brunch-club-classics
2025-06-05 21:07:05,052 - __main__ - DEBUG - Found potential venue/club/promoter URL: https://www.ibiza-spotlight.com/night/promoters/latin-pool-bbk
2025-06-05 21:07:05,052 - __main__ - DEBUG - Found potential venue/club/promoter URL: https://www.ibiza-spotlight.com/night/promoters/el-kiddo-bam-bu-ku
2025-06-05 21:07:05,052 - __main__ - DEBUG - Found potential venue/club/promoter URL: https://www.ibiza-spotlight.com/night/promoters/el-paripe
2025-06-05 21:07:05,052 - __main__ - DEBUG - Found potential venue/club/promoter URL: https://www.ibiza-spotlight.com/night/promoters/fridays-at-tipic
2025-06-05 21:07:05,053 - __main__ - DEBUG - Found potential venue/club/promoter URL: https://www.ibiza-spotlight.com/night/promoters/saturdays-tipic
2025-06-05 21:07:05,053 - __main__ - DEBUG - Found potential venue/club/promoter URL: https://www.ibiza-spotlight.com/night/promoters/el-paripe
2025-06-05 21:07:05,053 - __main__ - DEBUG - Found potential venue/club/promoter URL: https://www.ibiza-spotlight.com/night/promoters/children-80s
2025-06-05 21:07:05,053 - __main__ - DEBUG - Found potential venue/club/promoter URL: https://www.ibiza-spotlight.com/night/promoters/pukka_up_i.htm
2025-06-05 21:07:05,053 - __main__ - DEBUG - Found potential venue/club/promoter URL: https://www.ibiza-spotlight.com/night/promoters/pukka_up_i.htm
2025-06-05 21:07:05,053 - __main__ - DEBUG - Found potential venue/club/promoter URL: https://www.ibiza-spotlight.com/night/promoters/day-paradise
2025-06-05 21:07:05,053 - __main__ - DEBUG - Found potential venue/club/promoter URL: https://www.ibiza-spotlight.com/night/promoters/day-paradise
2025-06-05 21:07:05,053 - __main__ - DEBUG - Found potential venue/club/promoter URL: https://www.ibiza-spotlight.com/night/promoters/day-paradise
2025-06-05 21:07:05,053 - __main__ - DEBUG - Found potential venue/club/promoter URL: https://www.ibiza-spotlight.com/night/promoters/float-your-boat-sunset-experience
2025-06-05 21:07:05,053 - __main__ - DEBUG - Found potential venue/club/promoter URL: https://www.ibiza-spotlight.com/night/promoters/five-star-boat-party-ibiza-boat-club
2025-06-05 21:07:05,053 - __main__ - DEBUG - Found potential venue/club/promoter URL: https://www.ibiza-spotlight.com/night/promoters/five-star-boat-party-ibiza-boat-club
2025-06-05 21:07:05,053 - __main__ - DEBUG - Found potential venue/club/promoter URL: https://www.ibiza-spotlight.com/night/promoters/five-star-boat-party-ibiza-boat-club
2025-06-05 21:07:05,053 - __main__ - DEBUG - Found potential venue/club/promoter URL: https://www.ibiza-spotlight.com/night/promoters/five-star-boat-party-ibiza-boat-club
2025-06-05 21:07:05,053 - __main__ - DEBUG - Found potential venue/club/promoter URL: https://www.ibiza-spotlight.com/night/promoters/five-star-boat-party-ibiza-boat-club
2025-06-05 21:07:05,053 - __main__ - DEBUG - Found potential venue/club/promoter URL: https://www.ibiza-spotlight.com/night/promoters/pukka-up-saturdays
2025-06-05 21:07:05,053 - __main__ - DEBUG - Found potential venue/club/promoter URL: https://www.ibiza-spotlight.com/night/promoters/aftersun-ibiza-ibiza-boat-club
2025-06-05 21:07:05,053 - __main__ - DEBUG - Found potential venue/club/promoter URL: https://www.ibiza-spotlight.com/night/promoters/aftersun-ibiza-ibiza-boat-club
2025-06-05 21:07:05,054 - __main__ - DEBUG - Found potential venue/club/promoter URL: https://www.ibiza-spotlight.com/night/promoters/aftersun-ibiza-ibiza-boat-club
2025-06-05 21:07:05,054 - __main__ - DEBUG - Found potential venue/club/promoter URL: https://www.ibiza-spotlight.com/night/promoters/aftersun-ibiza-ibiza-boat-club
2025-06-05 21:07:05,054 - __main__ - DEBUG - Found potential venue/club/promoter URL: https://www.ibiza-spotlight.com/night/promoters/aftersun-ibiza-ibiza-boat-club
2025-06-05 21:07:05,054 - __main__ - DEBUG - Found potential venue/club/promoter URL: https://www.ibiza-spotlight.com/night/promoters/oceanbeat-ibiza-boat-party
2025-06-05 21:07:05,054 - __main__ - DEBUG - Found potential venue/club/promoter URL: https://www.ibiza-spotlight.com/night/promoters/oceanbeat-ibiza-boat-party
2025-06-05 21:07:05,054 - __main__ - DEBUG - Found potential venue/club/promoter URL: https://www.ibiza-spotlight.com/night/promoters/oceanbeat-ibiza-boat-party
2025-06-05 21:07:05,054 - __main__ - DEBUG - Found potential venue/club/promoter URL: https://www.ibiza-spotlight.com/night/promoters/oceanbeat-ibiza-boat-party
2025-06-05 21:07:05,054 - __main__ - DEBUG - Found potential venue/club/promoter URL: https://www.ibiza-spotlight.com/night/promoters/oceanbeat-ibiza-boat-party
2025-06-05 21:07:05,054 - __main__ - DEBUG - Found potential venue/club/promoter URL: https://www.ibiza-spotlight.com/night/promoters/oceanbeat-ibiza-boat-party
2025-06-05 21:07:05,054 - __main__ - DEBUG - Found potential venue/club/promoter URL: https://www.ibiza-spotlight.com/night/promoters/ibiza-boat-club-formentera
2025-06-05 21:07:05,054 - __main__ - DEBUG - Found potential venue/club/promoter URL: https://www.ibiza-spotlight.com/night/promoters/ibiza-boat-club-formentera
2025-06-05 21:07:05,054 - __main__ - DEBUG - Found potential venue/club/promoter URL: https://www.ibiza-spotlight.com/night/promoters/ibiza-boat-club-formentera
2025-06-05 21:07:05,054 - __main__ - DEBUG - Found potential venue/club/promoter URL: https://www.ibiza-spotlight.com/night/promoters/ibiza-boat-club-formentera
2025-06-05 21:07:05,054 - __main__ - DEBUG - Found potential venue/club/promoter URL: https://www.ibiza-spotlight.com/night/promoters/ibiza-boat-club-formentera
2025-06-05 21:07:05,054 - __main__ - DEBUG - Found potential venue/club/promoter URL: https://www.ibiza-spotlight.com/night/promoters/ibiza-boat-club-formentera
2025-06-05 21:07:05,153 - __main__ - DEBUG - Found potential venue/club/promoter URL: https://www.ibiza-spotlight.es/night/events/2025/06
2025-06-05 21:07:05,153 - __main__ - DEBUG - Found potential venue/club/promoter URL: https://www.ibiza-spotlight.de/night/events/2025/06
2025-06-05 21:07:05,153 - __main__ - DEBUG - Found potential venue/club/promoter URL: https://www.ibiza-spotlight.it/night/events/2025/06
2025-06-05 21:07:05,153 - __main__ - DEBUG - Found potential venue/club/promoter URL: https://www.ibiza-spotlight.es/night/events/2025/06
2025-06-05 21:07:05,153 - __main__ - DEBUG - Found potential venue/club/promoter URL: https://www.ibiza-spotlight.de/night/events/2025/06
2025-06-05 21:07:05,153 - __main__ - DEBUG - Found potential venue/club/promoter URL: https://www.ibiza-spotlight.it/night/events/2025/06
2025-06-05 21:07:05,153 - __main__ - DEBUG - Found potential venue/club/promoter URL: https://www.ibiza-spotlight.com/night/events/2025/06/05
2025-06-05 21:07:05,153 - __main__ - DEBUG - Found potential venue/club/promoter URL: https://www.ibiza-spotlight.com/night/events/2025/06/06
2025-06-05 21:07:05,153 - __main__ - DEBUG - Found potential venue/club/promoter URL: https://www.ibiza-spotlight.com/night/events/2025/06?daterange=02/06/2025-08/06/2025
2025-06-05 21:07:05,153 - __main__ - DEBUG - Found potential venue/club/promoter URL: https://www.ibiza-spotlight.com/night/events/2025/06?daterange=09/06/2025-15/06/2025
2025-06-05 21:07:05,153 - __main__ - DEBUG - Found potential venue/club/promoter URL: https://www.ibiza-spotlight.com/night/events/2025/06?daterange=05/06/2025-11/06/2025
2025-06-05 21:07:05,153 - __main__ - DEBUG - Found potential venue/club/promoter URL: https://www.ibiza-spotlight.com/night/events/2025/06
2025-06-05 21:07:05,153 - __main__ - DEBUG - Found potential venue/club/promoter URL: https://www.ibiza-spotlight.com/night/events/2025/07
2025-06-05 21:07:05,154 - __main__ - DEBUG - Found potential venue/club/promoter URL: https://www.ibiza-spotlight.com/night/events/2025/06
2025-06-05 21:07:05,154 - __main__ - DEBUG - Found potential venue/club/promoter URL: https://www.ibiza-spotlight.com/night/events/2025/07
2025-06-05 21:07:05,154 - __main__ - DEBUG - Found potential venue/club/promoter URL: https://www.ibiza-spotlight.com/night/events/2025/08
2025-06-05 21:07:05,154 - __main__ - DEBUG - Found potential venue/club/promoter URL: https://www.ibiza-spotlight.com/night/events/2025/09
2025-06-05 21:07:05,154 - __main__ - DEBUG - Found potential venue/club/promoter URL: https://www.ibiza-spotlight.com/night/events/2025/10
2025-06-05 21:07:05,154 - __main__ - DEBUG - Found potential venue/club/promoter URL: https://www.ibiza-spotlight.com/night/events/2025/06
2025-06-05 21:07:05,154 - __main__ - DEBUG - Found potential venue/club/promoter URL: https://www.ibiza-spotlight.com/night/events/2025/06?daterange=02/06/2025-08/06/2025
2025-06-05 21:07:05,154 - __main__ - DEBUG - Found potential venue/club/promoter URL: https://www.ibiza-spotlight.com/night/events/2025/06?daterange=09/06/2025-15/06/2025
2025-06-05 21:07:05,154 - __main__ - DEBUG - Found potential venue/club/promoter URL: https://www.ibiza-spotlight.com/night/events/2025/06?daterange=16/06/2025-22/06/2025
2025-06-05 21:07:05,154 - __main__ - DEBUG - Found potential venue/club/promoter URL: https://www.ibiza-spotlight.com/night/events/2025/06?daterange=23/06/2025-29/06/2025
2025-06-05 21:07:05,154 - __main__ - DEBUG - Found potential venue/club/promoter URL: https://www.ibiza-spotlight.com/night/events/2025/06?daterange=30/06/2025-06/07/2025
2025-06-05 21:07:05,154 - __main__ - DEBUG - Found potential venue/club/promoter URL: https://www.ibiza-spotlight.com/night/events/2025/05?daterange=19/05/2025-25/05/2025
2025-06-05 21:07:05,154 - __main__ - DEBUG - Found potential venue/club/promoter URL: https://www.ibiza-spotlight.com/night/events/2025/06?daterange=02/06/2025-08/06/2025
2025-06-05 21:07:05,154 - __main__ - DEBUG - Found potential venue/club/promoter URL: https://www.ibiza-spotlight.com/night/events/2025/05/26
2025-06-05 21:07:05,154 - __main__ - DEBUG - Found potential venue/club/promoter URL: https://www.ibiza-spotlight.com/night/events/2025/05/27
2025-06-05 21:07:05,154 - __main__ - DEBUG - Found potential venue/club/promoter URL: https://www.ibiza-spotlight.com/night/events/2025/05/28
2025-06-05 21:07:05,154 - __main__ - DEBUG - Found potential venue/club/promoter URL: https://www.ibiza-spotlight.com/night/events/2025/05/29
2025-06-05 21:07:05,154 - __main__ - DEBUG - Found potential venue/club/promoter URL: https://www.ibiza-spotlight.com/night/events/2025/05/30
2025-06-05 21:07:05,154 - __main__ - DEBUG - Found potential venue/club/promoter URL: https://www.ibiza-spotlight.com/night/events/2025/05/31
2025-06-05 21:07:05,154 - __main__ - DEBUG - Found potential venue/club/promoter URL: https://www.ibiza-spotlight.com/night/events/2025/06/01
2025-06-05 21:07:05,154 - __main__ - DEBUG - Found potential venue/club/promoter URL: https://www.ibiza-spotlight.com/night/events/2025/06
2025-06-05 21:07:05,154 - __main__ - DEBUG - Found potential venue/club/promoter URL: https://www.ibiza-spotlight.com/night/events/2025/06?daterange=02/06/2025-08/06/2025
2025-06-05 21:07:05,154 - __main__ - DEBUG - Found potential venue/club/promoter URL: https://www.ibiza-spotlight.com/night/events/2025/06?daterange=09/06/2025-15/06/2025
2025-06-05 21:07:05,154 - __main__ - DEBUG - Found potential venue/club/promoter URL: https://www.ibiza-spotlight.com/night/events/2025/06?daterange=16/06/2025-22/06/2025
2025-06-05 21:07:05,154 - __main__ - DEBUG - Found potential venue/club/promoter URL: https://www.ibiza-spotlight.com/night/events/2025/06?daterange=23/06/2025-29/06/2025
2025-06-05 21:07:05,154 - __main__ - DEBUG - Found potential venue/club/promoter URL: https://www.ibiza-spotlight.com/night/events/2025/06?daterange=30/06/2025-06/07/2025
2025-06-05 21:07:05,154 - __main__ - DEBUG - Found potential venue/club/promoter URL: https://www.ibiza-spotlight.com/night/events/2008/06
2025-06-05 21:07:05,155 - __main__ - DEBUG - Found potential venue/club/promoter URL: https://www.ibiza-spotlight.com/night/events/2009/06
2025-06-05 21:07:05,155 - __main__ - DEBUG - Found potential venue/club/promoter URL: https://www.ibiza-spotlight.com/night/events/2010/06
2025-06-05 21:07:05,155 - __main__ - DEBUG - Found potential venue/club/promoter URL: https://www.ibiza-spotlight.com/night/events/2011/06
2025-06-05 21:07:05,155 - __main__ - DEBUG - Found potential venue/club/promoter URL: https://www.ibiza-spotlight.com/night/events/2012/06
2025-06-05 21:07:05,155 - __main__ - DEBUG - Found potential venue/club/promoter URL: https://www.ibiza-spotlight.com/night/events/2013/06
2025-06-05 21:07:05,155 - __main__ - DEBUG - Found potential venue/club/promoter URL: https://www.ibiza-spotlight.com/night/events/2014/06
2025-06-05 21:07:05,155 - __main__ - DEBUG - Found potential venue/club/promoter URL: https://www.ibiza-spotlight.com/night/events/2015/06
2025-06-05 21:07:05,155 - __main__ - DEBUG - Found potential venue/club/promoter URL: https://www.ibiza-spotlight.com/night/events/2016/06
2025-06-05 21:07:05,155 - __main__ - DEBUG - Found potential venue/club/promoter URL: https://www.ibiza-spotlight.com/night/events/2017/06
2025-06-05 21:07:05,155 - __main__ - DEBUG - Found potential venue/club/promoter URL: https://www.ibiza-spotlight.com/night/events/2018/06
2025-06-05 21:07:05,155 - __main__ - DEBUG - Found potential venue/club/promoter URL: https://www.ibiza-spotlight.com/night/events/2019/06
2025-06-05 21:07:05,155 - __main__ - DEBUG - Found potential venue/club/promoter URL: https://www.ibiza-spotlight.com/night/events/2020/06
2025-06-05 21:07:05,155 - __main__ - DEBUG - Found potential venue/club/promoter URL: https://www.ibiza-spotlight.com/night/events/2021/06
2025-06-05 21:07:05,155 - __main__ - DEBUG - Found potential venue/club/promoter URL: https://www.ibiza-spotlight.com/night/events/2022/06
2025-06-05 21:07:05,155 - __main__ - DEBUG - Found potential venue/club/promoter URL: https://www.ibiza-spotlight.com/night/events/2023/06
2025-06-05 21:07:05,155 - __main__ - DEBUG - Found potential venue/club/promoter URL: https://www.ibiza-spotlight.com/night/events/2024/06
2025-06-05 21:07:05,155 - __main__ - INFO - Extracted 132 potential venue/club/promoter URLs from https://www.ibiza-spotlight.com/night/events/2025/06
2025-06-05 21:07:05,155 - __main__ - INFO - DEBUG: Found 132 potential URLs from main events page
2025-06-05 21:07:05,155 - __main__ - DEBUG - Added URL to queue: https://www.ibiza-spotlight.com/night/promoters/utopic
2025-06-05 21:07:05,155 - __main__ - DEBUG - Added URL to queue: https://www.ibiza-spotlight.com/night/promoters/tuesdays-es-paradis
2025-06-05 21:07:05,155 - __main__ - DEBUG - Added URL to queue: https://www.ibiza-spotlight.com/night/events/2009/06
2025-06-05 21:07:05,155 - __main__ - DEBUG - Added URL to queue: https://www.ibiza-spotlight.com/night/events/2025/06/05
2025-06-05 21:07:05,155 - __main__ - DEBUG - Added URL to queue: https://www.ibiza-spotlight.com/night/venue/playa-soleil-tnl
2025-06-05 21:07:05,155 - __main__ - DEBUG - Added URL to queue: https://www.ibiza-spotlight.com/night/events/2025/10
2025-06-05 21:07:05,155 - __main__ - DEBUG - Added URL to queue: https://www.ibiza-spotlight.com/night/promoters/reboot-rocks
2025-06-05 21:07:05,155 - __main__ - DEBUG - Added URL to queue: https://www.ibiza-spotlight.com/night/promoters/travieso
2025-06-05 21:07:05,155 - __main__ - DEBUG - Added URL to queue: https://www.ibiza-spotlight.com/night/promoters/float-your-boat-sunset-experience
2025-06-05 21:07:05,155 - __main__ - DEBUG - Added URL to queue: https://www.ibiza-spotlight.com/night/venue/hard-rock-hotel
2025-06-05 21:07:05,155 - __main__ - DEBUG - Added URL to queue: https://www.ibiza-spotlight.com/night/venue/tipic-formentera
2025-06-05 21:07:05,155 - __main__ - DEBUG - Added URL to queue: https://www.ibiza-spotlight.com/night/events/2011/06
2025-06-05 21:07:05,155 - __main__ - DEBUG - Added URL to queue: https://www.ibiza-spotlight.com/night/events/2020/06
2025-06-05 21:07:05,155 - __main__ - DEBUG - Added URL to queue: https://www.ibiza-spotlight.com/night/events/2025/08
2025-06-05 21:07:05,155 - __main__ - DEBUG - Added URL to queue: https://www.ibiza-spotlight.com/night/promoters/soul-heaven
2025-06-05 21:07:05,156 - __main__ - DEBUG - Added URL to queue: https://www.ibiza-spotlight.com/night/events/2025/07
2025-06-05 21:07:05,156 - __main__ - DEBUG - Added URL to queue: https://www.ibiza-spotlight.com/night/promoters/ibiza-anthems-ibiza-rocks
2025-06-05 21:07:05,156 - __main__ - DEBUG - Added URL to queue: https://www.ibiza-spotlight.com/night/venue/cova-santa
2025-06-05 21:07:05,156 - __main__ - DEBUG - Added URL to queue: https://www.ibiza-spotlight.com/night/promoters/pool-party-o-beach
2025-06-05 21:07:05,156 - __main__ - DEBUG - Added URL to queue: https://www.ibiza-spotlight.com/night/events/2018/06
2025-06-05 21:07:05,156 - __main__ - DEBUG - Added URL to queue: https://www.ibiza-spotlight.com/night/promoters/gala-cova-santa
2025-06-05 21:07:05,156 - __main__ - DEBUG - Added URL to queue: https://www.ibiza-spotlight.com/night/promoters/d4-d4nce-o-beach
2025-06-05 21:07:05,156 - __main__ - DEBUG - Added URL to queue: https://www.ibiza-spotlight.com/night/promoters/playground-toy-room
2025-06-05 21:07:05,156 - __main__ - DEBUG - Added URL to queue: https://www.ibiza-spotlight.com/night/events/2008/06
2025-06-05 21:07:05,156 - __main__ - DEBUG - Added URL to queue: https://www.ibiza-spotlight.com/night/events/2012/06
2025-06-05 21:07:05,156 - __main__ - DEBUG - Added URL to queue: https://www.ibiza-spotlight.com/night/events/2014/06
2025-06-05 21:07:05,156 - __main__ - DEBUG - Added URL to queue: https://www.ibiza-spotlight.com/night/events/2025/05?daterange=19/05/2025-25/05/2025
2025-06-05 21:07:05,156 - __main__ - DEBUG - Added URL to queue: https://www.ibiza-spotlight.com/night/promoters/tomorrowland-presents-dimitri-vegas-mike
2025-06-05 21:07:05,156 - __main__ - DEBUG - Added URL to queue: https://www.ibiza-spotlight.com/night/promoters/one
2025-06-05 21:07:05,156 - __main__ - DEBUG - Added URL to queue: https://www.ibiza-spotlight.com/night/events/2025/06?daterange=30/06/2025-06/07/2025
2025-06-05 21:07:05,156 - __main__ - DEBUG - Added URL to queue: https://www.ibiza-spotlight.com/night/promoters/el-paripe
2025-06-05 21:07:05,156 - __main__ - DEBUG - Added URL to queue: https://www.ibiza-spotlight.com/night/events/2025/05/30
2025-06-05 21:07:05,156 - __main__ - DEBUG - Added URL to queue: https://www.ibiza-spotlight.com/night/promoters/sven-vath-akasha
2025-06-05 21:07:05,156 - __main__ - DEBUG - Added URL to queue: https://www.ibiza-spotlight.com/night/events/2025/06/01
2025-06-05 21:07:05,156 - __main__ - DEBUG - Added URL to queue: https://www.ibiza-spotlight.com/night/promoters/vintage-lio
2025-06-05 21:07:05,156 - __main__ - DEBUG - Added URL to queue: https://www.ibiza-spotlight.com/night/promoters/oceanbeat-ibiza-boat-party
2025-06-05 21:07:05,156 - __main__ - DEBUG - Added URL to queue: https://www.ibiza-spotlight.com/night/promoters/music-on
2025-06-05 21:07:05,156 - __main__ - DEBUG - Added URL to queue: https://www.ibiza-spotlight.com/night/promoters/sundays-es-paradis
2025-06-05 21:07:05,156 - __main__ - DEBUG - Added URL to queue: https://www.ibiza-spotlight.com/night/events/2022/06
2025-06-05 21:07:05,156 - __main__ - DEBUG - Added URL to queue: https://www.ibiza-spotlight.com/venue/bam-bu-ku-ibiza
2025-06-05 21:07:05,156 - __main__ - DEBUG - Added URL to queue: https://www.ibiza-spotlight.com/night/events/2013/06
2025-06-05 21:07:05,156 - __main__ - DEBUG - Added URL to queue: https://www.ibiza-spotlight.com/night/events/2024/06
2025-06-05 21:07:05,156 - __main__ - DEBUG - Added URL to queue: https://www.ibiza-spotlight.com/night/promoters/ibiza-rocks-pool-days
2025-06-05 21:07:05,156 - __main__ - DEBUG - Added URL to queue: https://www.ibiza-spotlight.es/night/events/2025/06
2025-06-05 21:07:05,156 - __main__ - DEBUG - Added URL to queue: https://www.ibiza-spotlight.com/night/promoters/drama-club
2025-06-05 21:07:05,156 - __main__ - DEBUG - Added URL to queue: https://www.ibiza-spotlight.com/night/promoters/el-kiddo-bam-bu-ku
2025-06-05 21:07:05,156 - __main__ - DEBUG - Added URL to queue: https://www.ibiza-spotlight.com/night/promoters/masquerade-chinois
2025-06-05 21:07:05,156 - __main__ - DEBUG - Added URL to queue: https://www.ibiza-spotlight.com/night/promoters/day-paradise
2025-06-05 21:07:05,156 - __main__ - DEBUG - Added URL to queue: https://www.ibiza-spotlight.com/night/promoters/pukka_up_i.htm
2025-06-05 21:07:05,156 - __main__ - DEBUG - Added URL to queue: https://www.ibiza-spotlight.com/night/events/2025/06?daterange=23/06/2025-29/06/2025
2025-06-05 21:07:05,156 - __main__ - DEBUG - Added URL to queue: https://www.ibiza-spotlight.com/night/promoters/supernova-las-dalias
2025-06-05 21:07:05,156 - __main__ - DEBUG - Added URL to queue: https://www.ibiza-spotlight.com/night/promoters/summerians-cova-santa
2025-06-05 21:07:05,156 - __main__ - DEBUG - Added URL to queue: https://www.ibiza-spotlight.com/night/promoters/pukka-up-saturdays
2025-06-05 21:07:05,156 - __main__ - DEBUG - Added URL to queue: https://www.ibiza-spotlight.com/night/promoters/daydreamers
2025-06-05 21:07:05,156 - __main__ - DEBUG - Added URL to queue: https://www.ibiza-spotlight.com/night/events/2025/06?daterange=16/06/2025-22/06/2025
2025-06-05 21:07:05,156 - __main__ - DEBUG - Added URL to queue: https://www.ibiza-spotlight.com/night/promoters/ants
2025-06-05 21:07:05,156 - __main__ - DEBUG - Added URL to queue: https://www.ibiza-spotlight.com/night/events/2025/06/06
2025-06-05 21:07:05,156 - __main__ - DEBUG - Added URL to queue: https://www.ibiza-spotlight.com/night/events/2016/06
2025-06-05 21:07:05,156 - __main__ - DEBUG - Added URL to queue: https://www.ibiza-spotlight.com/night/promoters/heavy-house-society-528
2025-06-05 21:07:05,156 - __main__ - DEBUG - Added URL to queue: https://www.ibiza-spotlight.com/night/promoters/deeperfect-eden
2025-06-05 21:07:05,156 - __main__ - DEBUG - Added URL to queue: https://www.ibiza-spotlight.com/night/promoters/children-80s
2025-06-05 21:07:05,156 - __main__ - DEBUG - Added URL to queue: https://www.ibiza-spotlight.com/night/promoters/woomoon
2025-06-05 21:07:05,156 - __main__ - DEBUG - Added URL to queue: https://www.ibiza-spotlight.com/night/promoters/pantheon
2025-06-05 21:07:05,156 - __main__ - DEBUG - Added URL to queue: https://www.ibiza-spotlight.com/night/promoters/kisstory-o-beach
2025-06-05 21:07:05,156 - __main__ - DEBUG - Added URL to queue: https://www.ibiza-spotlight.com/night/events/2025/05/26
2025-06-05 21:07:05,156 - __main__ - DEBUG - Added URL to queue: https://www.ibiza-spotlight.com/night/promoters/blanche-london
2025-06-05 21:07:05,156 - __main__ - DEBUG - Added URL to queue: https://www.ibiza-spotlight.com/night/events/2019/06
2025-06-05 21:07:05,156 - __main__ - DEBUG - Added URL to queue: https://www.ibiza-spotlight.com/night/promoters/seladoria
2025-06-05 21:07:05,157 - __main__ - DEBUG - Added URL to queue: https://www.ibiza-spotlight.com/night/promoters/hi-glitterbox
2025-06-05 21:07:05,157 - __main__ - DEBUG - Added URL to queue: https://www.ibiza-spotlight.com/night/promoters/saturdays
2025-06-05 21:07:05,157 - __main__ - DEBUG - Added URL to queue: https://www.ibiza-spotlight.com/night/promoters/namaste
2025-06-05 21:07:05,157 - __main__ - DEBUG - Added URL to queue: https://www.ibiza-spotlight.com/night/events/2025/05/27
2025-06-05 21:07:05,157 - __main__ - DEBUG - Added URL to queue: https://www.ibiza-spotlight.com/night/promoters/reboot-presents-eden
2025-06-05 21:07:05,157 - __main__ - DEBUG - Added URL to queue: https://www.ibiza-spotlight.com/night/events/2017/06
2025-06-05 21:07:05,157 - __main__ - DEBUG - Added URL to queue: https://www.ibiza-spotlight.com/night/promoters/saturdays-tipic
2025-06-05 21:07:05,157 - __main__ - DEBUG - Added URL to queue: https://www.ibiza-spotlight.com/night/promoters/one-more-time-eden
2025-06-05 21:07:05,157 - __main__ - DEBUG - Added URL to queue: https://www.ibiza-spotlight.com/night/promoters/house-paradise
2025-06-05 21:07:05,157 - __main__ - DEBUG - Added URL to queue: https://www.ibiza-spotlight.com/night/events/2025/06?daterange=09/06/2025-15/06/2025
2025-06-05 21:07:05,157 - __main__ - DEBUG - Added URL to queue: https://www.ibiza-spotlight.com/night/venue/boat-parties-san-antonio
2025-06-05 21:07:05,157 - __main__ - DEBUG - Added URL to queue: https://www.ibiza-spotlight.com/night/promoters/pure-pacha
2025-06-05 21:07:05,157 - __main__ - DEBUG - Added URL to queue: https://www.ibiza-spotlight.com/night/events/2025/06?daterange=05/06/2025-11/06/2025
2025-06-05 21:07:05,157 - __main__ - DEBUG - Added URL to queue: https://www.ibiza-spotlight.com/night/promoters/you-know-vibes
2025-06-05 21:07:05,157 - __main__ - DEBUG - Added URL to queue: https://www.ibiza-spotlight.com/night/promoters/latin-pool-bbk
2025-06-05 21:07:05,157 - __main__ - DEBUG - Added URL to queue: https://www.ibiza-spotlight.com/night/promoters/puro-reggaeton
2025-06-05 21:07:05,157 - __main__ - DEBUG - Added URL to queue: https://www.ibiza-spotlight.com/night/promoters/nido
2025-06-05 21:07:05,157 - __main__ - DEBUG - Added URL to queue: https://www.ibiza-spotlight.it/night/events/2025/06
2025-06-05 21:07:05,157 - __main__ - DEBUG - Added URL to queue: https://www.ibiza-spotlight.com/night/promoters/abracadabra-pacha
2025-06-05 21:07:05,157 - __main__ - DEBUG - Added URL to queue: https://www.ibiza-spotlight.com/night/promoters/unvrs-opening-party
2025-06-05 21:07:05,157 - __main__ - DEBUG - Added URL to queue: https://www.ibiza-spotlight.de/night/events/2025/06
2025-06-05 21:07:05,157 - __main__ - DEBUG - Added URL to queue: https://www.ibiza-spotlight.com/night/events/2023/06
2025-06-05 21:07:05,157 - __main__ - DEBUG - Added URL to queue: https://www.ibiza-spotlight.com/night/venue/unvrs
2025-06-05 21:07:05,157 - __main__ - DEBUG - Added URL to queue: https://www.ibiza-spotlight.com/night/promoters/abode-eden
2025-06-05 21:07:05,157 - __main__ - DEBUG - Added URL to queue: https://www.ibiza-spotlight.com/night/promoters/five-star-boat-party-ibiza-boat-club
2025-06-05 21:07:05,157 - __main__ - DEBUG - Added URL to queue: https://www.ibiza-spotlight.com/night/promoters/black-coffee
2025-06-05 21:07:05,157 - __main__ - DEBUG - Added URL to queue: https://www.ibiza-spotlight.com/night/promoters/defected
2025-06-05 21:07:05,157 - __main__ - DEBUG - Added URL to queue: https://www.ibiza-spotlight.com/night/promoters/do-not-sleep-amnesia
2025-06-05 21:07:05,157 - __main__ - DEBUG - Added URL to queue: https://www.ibiza-spotlight.com/night/venue/hi-ibiza
2025-06-05 21:07:05,157 - __main__ - DEBUG - Added URL to queue: https://www.ibiza-spotlight.com/night/events/2015/06
2025-06-05 21:07:05,157 - __main__ - DEBUG - Added URL to queue: https://www.ibiza-spotlight.com/night/promoters/bubbles-champagne
2025-06-05 21:07:05,157 - __main__ - DEBUG - Added URL to queue: https://www.ibiza-spotlight.com/night/events/2025/09
2025-06-05 21:07:05,157 - __main__ - DEBUG - Added URL to queue: https://www.ibiza-spotlight.com/night/promoters/ibiza-boat-club-formentera
2025-06-05 21:07:05,157 - __main__ - DEBUG - Added URL to queue: https://www.ibiza-spotlight.com/night/promoters/calvin-harris-friday
2025-06-05 21:07:05,157 - __main__ - DEBUG - Added URL to queue: https://www.ibiza-spotlight.com/night/promoters/thursdays-es-paradis
2025-06-05 21:07:05,157 - __main__ - DEBUG - Added URL to queue: https://www.ibiza-spotlight.com/night/promoters/bukkle-ibiza
2025-06-05 21:07:05,157 - __main__ - DEBUG - Added URL to queue: https://www.ibiza-spotlight.com/night/events/2021/06
2025-06-05 21:07:05,157 - __main__ - DEBUG - Added URL to queue: https://www.ibiza-spotlight.com/night/promoters/camelphat-pacha
2025-06-05 21:07:05,157 - __main__ - DEBUG - Added URL to queue: https://www.ibiza-spotlight.com/night/promoters/mestiza-hi
2025-06-05 21:07:05,157 - __main__ - DEBUG - Added URL to queue: https://www.ibiza-spotlight.com/night/promoters/chinois-presents
2025-06-05 21:07:05,157 - __main__ - DEBUG - Added URL to queue: https://www.ibiza-spotlight.com/night/promoters/pandora
2025-06-05 21:07:05,157 - __main__ - DEBUG - Added URL to queue: https://www.ibiza-spotlight.com/night/promoters/craig-davids-ts5
2025-06-05 21:07:05,157 - __main__ - DEBUG - Added URL to queue: https://www.ibiza-spotlight.com/night/events/2025/06?daterange=02/06/2025-08/06/2025
2025-06-05 21:07:05,157 - __main__ - DEBUG - Added URL to queue: https://www.ibiza-spotlight.com/night/promoters/kaluki-528
2025-06-05 21:07:05,157 - __main__ - DEBUG - Added URL to queue: https://www.ibiza-spotlight.com/night/events/2025/05/29
2025-06-05 21:07:05,157 - __main__ - DEBUG - Added URL to queue: https://www.ibiza-spotlight.com/night/events/2025/05/28
2025-06-05 21:07:05,157 - __main__ - DEBUG - Added URL to queue: https://www.ibiza-spotlight.com/night/events/2025/05/31
2025-06-05 21:07:05,157 - __main__ - DEBUG - Added URL to queue: https://www.ibiza-spotlight.com/night/promoters/all-i-need-playa-soleil
2025-06-05 21:07:05,157 - __main__ - DEBUG - Added URL to queue: https://www.ibiza-spotlight.com/night/events/2010/06
2025-06-05 21:07:05,157 - __main__ - DEBUG - Added URL to queue: https://www.ibiza-spotlight.com/night/promoters/r-and-b-affair
2025-06-05 21:07:05,157 - __main__ - DEBUG - Added URL to queue: https://www.ibiza-spotlight.com/night/promoters/aftersun-ibiza-ibiza-boat-club
2025-06-05 21:07:05,157 - __main__ - DEBUG - Added URL to queue: https://www.ibiza-spotlight.com/night/promoters/sin-sundays
2025-06-05 21:07:05,157 - __main__ - DEBUG - Added URL to queue: https://www.ibiza-spotlight.com/night/promoters/nothing-trouble-eden
2025-06-05 21:07:05,157 - __main__ - DEBUG - Added URL to queue: https://www.ibiza-spotlight.com/night/venue/chinois-ibiza
2025-06-05 21:07:05,157 - __main__ - DEBUG - Added URL to queue: https://www.ibiza-spotlight.com/night/promoters/fiesta-del-agua
2025-06-05 21:07:05,157 - __main__ - DEBUG - Added URL to queue: https://www.ibiza-spotlight.com/night/venue/akasha
2025-06-05 21:07:05,158 - __main__ - DEBUG - Added URL to queue: https://www.ibiza-spotlight.com/night/promoters/tiempo-nomis
2025-06-05 21:07:05,158 - __main__ - DEBUG - Added URL to queue: https://www.ibiza-spotlight.com/night/venue/boat-parties-playa-den-bossa
2025-06-05 21:07:05,158 - __main__ - DEBUG - Added URL to queue: https://www.ibiza-spotlight.com/night/promoters/pacha-pre-season-parties
2025-06-05 21:07:05,158 - __main__ - DEBUG - Added URL to queue: https://www.ibiza-spotlight.com/night/promoters/fridays-at-tipic
2025-06-05 21:07:05,158 - __main__ - DEBUG - Added URL to queue: https://www.ibiza-spotlight.com/night/promoters/lovejuice-ibiza-rocks
2025-06-05 21:07:05,158 - __main__ - DEBUG - Added URL to queue: https://www.ibiza-spotlight.com/night/promoters/ibiza-brunch-club-classics
2025-06-05 21:07:05,158 - __main__ - DEBUG - Added URL to queue: https://www.ibiza-spotlight.com/night/promoters/appetite-chinois
2025-06-05 21:07:08,955 - __main__ - INFO - Processing [1]: https://www.ibiza-spotlight.com/night/promoters/utopic
2025-06-05 21:07:08,956 - __main__ - INFO - Promoter page detected - scraping events from: https://www.ibiza-spotlight.com/night/promoters/utopic
2025-06-05 21:07:08,956 - __main__ - INFO - Fetching with enhanced Playwright scrolling: https://www.ibiza-spotlight.com/night/promoters/utopic
2025-06-05 21:07:11,967 - __main__ - INFO - Waiting 5 seconds for initial page load...
2025-06-05 21:07:16,976 - __main__ - INFO - Scroll attempt 1: height 4926
2025-06-05 21:07:18,982 - __main__ - INFO - No new content detected after scroll attempt 1
2025-06-05 21:07:18,982 - __main__ - INFO - Completed scrolling after 1 attempts
2025-06-05 21:07:19,093 - __main__ - INFO - Year context 2025 for https://www.ibiza-spotlight.com/night/promoters/utopic
2025-06-05 21:07:19,240 - __main__ - INFO - Added JSON-LD event: UTOPIC
2025-06-05 21:07:19,521 - __main__ - INFO - Found 1 events on promoter page utopic
2025-06-05 21:07:19,524 - __main__ - INFO - Appended 1 events to scraped_events_20250605_210654.csv
2025-06-05 21:07:22,655 - __main__ - INFO - Processing [1]: https://www.ibiza-spotlight.com/night/promoters/tuesdays-es-paradis
2025-06-05 21:07:22,656 - __main__ - INFO - Promoter page detected - scraping events from: https://www.ibiza-spotlight.com/night/promoters/tuesdays-es-paradis
2025-06-05 21:07:22,656 - __main__ - INFO - Fetching with enhanced Playwright scrolling: https://www.ibiza-spotlight.com/night/promoters/tuesdays-es-paradis
2025-06-05 21:07:25,203 - __main__ - INFO - Waiting 5 seconds for initial page load...
2025-06-05 21:07:30,213 - __main__ - INFO - Scroll attempt 1: height 4714
2025-06-05 21:07:32,219 - __main__ - INFO - No new content detected after scroll attempt 1
2025-06-05 21:07:32,219 - __main__ - INFO - Completed scrolling after 1 attempts
2025-06-05 21:07:32,341 - __main__ - INFO - Year context 2025 for https://www.ibiza-spotlight.com/night/promoters/tuesdays-es-paradis
2025-06-05 21:07:32,487 - __main__ - INFO - Added JSON-LD event: Ibiza Records Opening Party
2025-06-05 21:07:32,487 - __main__ - INFO - Added JSON-LD event: Ibiza Records
2025-06-05 21:07:32,487 - __main__ - INFO - Added JSON-LD event: Ibiza Records Closing Party
2025-06-05 21:07:32,644 - __main__ - INFO - Found 3 events on promoter page tuesdays-es-paradis
2025-06-05 21:07:32,653 - __main__ - INFO - Appended 3 events to scraped_events_20250605_210654.csv
2025-06-05 21:07:37,818 - __main__ - INFO - Processing [1]: https://www.ibiza-spotlight.com/night/events/2009/06
2025-06-05 21:07:37,819 - __main__ - INFO - Skipping non-target page type or already processed initial page type: https://www.ibiza-spotlight.com/night/events/2009/06
2025-06-05 21:07:40,852 - __main__ - INFO - Processing [1]: https://www.ibiza-spotlight.com/night/events/2025/06/05
2025-06-05 21:07:40,852 - __main__ - INFO - Skipping non-target page type or already processed initial page type: https://www.ibiza-spotlight.com/night/events/2025/06/05
2025-06-05 21:07:44,564 - __main__ - INFO - Processing [1]: https://www.ibiza-spotlight.com/night/venue/playa-soleil-tnl
2025-06-05 21:07:44,565 - __main__ - INFO - Updated venue context from 'None' to 'playa-soleil-tnl' for URL https://www.ibiza-spotlight.com/night/venue/playa-soleil-tnl
2025-06-05 21:07:44,565 - __main__ - INFO - Venue/Club page detected - extracting promoter URLs from: https://www.ibiza-spotlight.com/night/venue/playa-soleil-tnl
2025-06-05 21:07:44,565 - __main__ - INFO - Fetching with enhanced Playwright scrolling: https://www.ibiza-spotlight.com/night/venue/playa-soleil-tnl
2025-06-05 21:07:47,082 - __main__ - INFO - Waiting 5 seconds for initial page load...
2025-06-05 21:07:52,095 - __main__ - INFO - Scroll attempt 1: height 5727
2025-06-05 21:07:54,100 - __main__ - INFO - No new content detected after scroll attempt 1
2025-06-05 21:07:54,100 - __main__ - INFO - Completed scrolling after 1 attempts
2025-06-05 21:07:54,201 - __main__ - DEBUG - Found promoter URL: https://www.ibiza-spotlight.com/night/promoters/all-i-need-playa-soleil
2025-06-05 21:07:54,201 - __main__ - DEBUG - Found promoter URL: https://www.ibiza-spotlight.com/night/promoters/all-i-need-playa-soleil
2025-06-05 21:07:54,201 - __main__ - DEBUG - Found promoter URL: https://www.ibiza-spotlight.com/night/promoters/la-troya-playa-soleil
2025-06-05 21:07:54,201 - __main__ - DEBUG - Found promoter URL: https://www.ibiza-spotlight.com/night/promoters/la-troya-playa-soleil
2025-06-05 21:07:54,201 - __main__ - DEBUG - Found promoter URL: https://www.ibiza-spotlight.com/night/promoters/bazar-playa-soleil
2025-06-05 21:07:54,201 - __main__ - DEBUG - Found promoter URL: https://www.ibiza-spotlight.com/night/promoters/bazar-playa-soleil
2025-06-05 21:07:54,201 - __main__ - DEBUG - Found promoter URL: https://www.ibiza-spotlight.com/night/promoters/rumors-playa-soleil
2025-06-05 21:07:54,201 - __main__ - DEBUG - Found promoter URL: https://www.ibiza-spotlight.com/night/promoters/rumors-playa-soleil
2025-06-05 21:07:54,204 - __main__ - INFO - Extracted 4 promoter URLs from https://www.ibiza-spotlight.com/night/venue/playa-soleil-tnl
2025-06-05 21:07:54,204 - __main__ - INFO - DEBUG: Found 4 promoter URLs from venue/club page 'playa-soleil-tnl'
2025-06-05 21:07:54,205 - __main__ - DEBUG - Added promoter URL to queue: https://www.ibiza-spotlight.com/night/promoters/rumors-playa-soleil
2025-06-05 21:07:54,205 - __main__ - DEBUG - Added promoter URL to queue: https://www.ibiza-spotlight.com/night/promoters/bazar-playa-soleil
2025-06-05 21:07:54,205 - __main__ - DEBUG - Added promoter URL to queue: https://www.ibiza-spotlight.com/night/promoters/all-i-need-playa-soleil
2025-06-05 21:07:54,205 - __main__ - DEBUG - Added promoter URL to queue: https://www.ibiza-spotlight.com/night/promoters/la-troya-playa-soleil
2025-06-05 21:08:00,152 - __main__ - INFO - Processing [1]: https://www.ibiza-spotlight.com/night/events/2025/10
2025-06-05 21:08:00,153 - __main__ - INFO - Skipping non-target page type or already processed initial page type: https://www.ibiza-spotlight.com/night/events/2025/10
2025-06-05 21:08:03,936 - __main__ - INFO - Processing [1]: https://www.ibiza-spotlight.com/night/promoters/reboot-rocks
2025-06-05 21:08:03,936 - __main__ - INFO - Promoter page detected - scraping events from: https://www.ibiza-spotlight.com/night/promoters/reboot-rocks
2025-06-05 21:08:03,936 - __main__ - INFO - Fetching with enhanced Playwright scrolling: https://www.ibiza-spotlight.com/night/promoters/reboot-rocks
2025-06-05 21:08:06,681 - __main__ - INFO - Waiting 5 seconds for initial page load...
2025-06-05 21:08:11,692 - __main__ - INFO - Scroll attempt 1: height 5537
2025-06-05 21:08:13,697 - __main__ - INFO - No new content detected after scroll attempt 1
2025-06-05 21:08:13,697 - __main__ - INFO - Completed scrolling after 1 attempts
2025-06-05 21:08:13,902 - __main__ - INFO - Year context 2025 for https://www.ibiza-spotlight.com/night/promoters/reboot-rocks
2025-06-05 21:08:14,086 - __main__ - INFO - Added JSON-LD event: Reboot Rocks Opening Party
2025-06-05 21:08:14,086 - __main__ - INFO - Added JSON-LD event: Reboot Rocks
2025-06-05 21:08:14,086 - __main__ - INFO - Added JSON-LD event: Reboot Rocks Closing Party
2025-06-05 21:08:14,316 - __main__ - INFO - Found 3 events on promoter page reboot-rocks
2025-06-05 21:08:14,324 - __main__ - INFO - Appended 3 events to scraped_events_20250605_210654.csv
2025-06-05 21:08:15,707 - __main__ - WARNING - Scraper run interrupted by user.
2025-06-05 21:08:15,707 - __main__ - INFO - Scraper shutdown for run_id: 20250605_210654.
