2025-06-05 04:10:10,216 - INFO - scraper_ibizaspotlight_revised_0406.py:159 - File logging configured at: /home/creekz/Projects/classy_skrrrapey_mvp/classy_skkkrapey/scrape_logs/scraper_run_20250605_041010.log
2025-06-05 04:10:10,216 - INFO - scraper_ibizaspotlight_revised_0406.py:146 - Initialized with venue context: unvrs
2025-06-05 04:10:10,216 - INFO - scraper_ibizaspotlight_revised_0406.py:434 - Starting scraper run_id: 20250605_041010. CSV: scraped_events_20250605_041010.csv
2025-06-05 04:10:10,216 - INFO - scraper_ibizaspotlight_revised_0406.py:447 - Processing [0]: https://www.ibiza-spotlight.com/night/venue/unvrs
2025-06-05 04:10:10,258 - INFO - scraper_ibizaspotlight_revised_0406.py:173 - Fetching with Playwright: https://www.ibiza-spotlight.com/night/venue/unvrs
2025-06-05 04:10:32,205 - INFO - scraper_ibizaspotlight_revised_0406.py:460 - Found 10 promoter URLs on https://www.ibiza-spotlight.com/night/venue/unvrs
2025-06-05 04:10:32,950 - INFO - scraper_ibizaspotlight_revised_0406.py:447 - Processing [1]: https://www.ibiza-spotlight.com/night/promoters/paradise-unvrs
2025-06-05 04:10:32,950 - INFO - scraper_ibizaspotlight_revised_0406.py:173 - Fetching with Playwright: https://www.ibiza-spotlight.com/night/promoters/paradise-unvrs
2025-06-05 04:10:46,647 - INFO - scraper_ibizaspotlight_revised_0406.py:332 - Year context 2025 for https://www.ibiza-spotlight.com/night/promoters/paradise-unvrs
2025-06-05 04:10:47,418 - INFO - scraper_ibizaspotlight_revised_0406.py:447 - Processing [1]: https://www.ibiza-spotlight.com/night/promoters/sara-landry-unvrs
2025-06-05 04:10:47,418 - INFO - scraper_ibizaspotlight_revised_0406.py:173 - Fetching with Playwright: https://www.ibiza-spotlight.com/night/promoters/sara-landry-unvrs
2025-06-05 04:11:00,076 - INFO - scraper_ibizaspotlight_revised_0406.py:332 - Year context 2025 for https://www.ibiza-spotlight.com/night/promoters/sara-landry-unvrs
2025-06-05 04:11:01,040 - INFO - scraper_ibizaspotlight_revised_0406.py:447 - Processing [1]: https://www.ibiza-spotlight.com/night/promoters/eric-prydz-unvrs
2025-06-05 04:11:01,040 - INFO - scraper_ibizaspotlight_revised_0406.py:173 - Fetching with Playwright: https://www.ibiza-spotlight.com/night/promoters/eric-prydz-unvrs
2025-06-05 04:11:14,889 - INFO - scraper_ibizaspotlight_revised_0406.py:332 - Year context 2025 for https://www.ibiza-spotlight.com/night/promoters/eric-prydz-unvrs
2025-06-05 04:11:15,734 - INFO - scraper_ibizaspotlight_revised_0406.py:447 - Processing [1]: https://www.ibiza-spotlight.com/night/promoters/anyma-unvrs
2025-06-05 04:11:15,734 - INFO - scraper_ibizaspotlight_revised_0406.py:173 - Fetching with Playwright: https://www.ibiza-spotlight.com/night/promoters/anyma-unvrs
2025-06-05 04:11:27,105 - INFO - scraper_ibizaspotlight_revised_0406.py:332 - Year context 2025 for https://www.ibiza-spotlight.com/night/promoters/anyma-unvrs
2025-06-05 04:11:27,962 - INFO - scraper_ibizaspotlight_revised_0406.py:447 - Processing [1]: https://www.ibiza-spotlight.com/night/promoters/unvrs-opening-party
2025-06-05 04:11:27,962 - INFO - scraper_ibizaspotlight_revised_0406.py:173 - Fetching with Playwright: https://www.ibiza-spotlight.com/night/promoters/unvrs-opening-party
2025-06-05 04:11:41,493 - INFO - scraper_ibizaspotlight_revised_0406.py:332 - Year context 2025 for https://www.ibiza-spotlight.com/night/promoters/unvrs-opening-party
2025-06-05 04:11:42,449 - INFO - scraper_ibizaspotlight_revised_0406.py:447 - Processing [1]: https://www.ibiza-spotlight.com/night/promoters/elrow-unvrs
2025-06-05 04:11:42,449 - INFO - scraper_ibizaspotlight_revised_0406.py:173 - Fetching with Playwright: https://www.ibiza-spotlight.com/night/promoters/elrow-unvrs
2025-06-05 04:11:56,978 - INFO - scraper_ibizaspotlight_revised_0406.py:332 - Year context 2025 for https://www.ibiza-spotlight.com/night/promoters/elrow-unvrs
2025-06-05 04:11:57,842 - INFO - scraper_ibizaspotlight_revised_0406.py:447 - Processing [1]: https://www.ibiza-spotlight.com/night/promoters/fisher-unvrs
2025-06-05 04:11:57,842 - INFO - scraper_ibizaspotlight_revised_0406.py:173 - Fetching with Playwright: https://www.ibiza-spotlight.com/night/promoters/fisher-unvrs
2025-06-05 04:12:20,718 - INFO - scraper_ibizaspotlight_revised_0406.py:332 - Year context 2025 for https://www.ibiza-spotlight.com/night/promoters/fisher-unvrs
2025-06-05 04:12:22,075 - INFO - scraper_ibizaspotlight_revised_0406.py:447 - Processing [1]: https://www.ibiza-spotlight.com/night/promoters/david-guetta-unvrs
2025-06-05 04:12:22,075 - INFO - scraper_ibizaspotlight_revised_0406.py:173 - Fetching with Playwright: https://www.ibiza-spotlight.com/night/promoters/david-guetta-unvrs
2025-06-05 04:12:32,936 - INFO - scraper_ibizaspotlight_revised_0406.py:332 - Year context 2025 for https://www.ibiza-spotlight.com/night/promoters/david-guetta-unvrs
2025-06-05 04:12:34,531 - INFO - scraper_ibizaspotlight_revised_0406.py:447 - Processing [1]: https://www.ibiza-spotlight.com/night/promoters/anotr-unvrs
2025-06-05 04:12:34,531 - INFO - scraper_ibizaspotlight_revised_0406.py:173 - Fetching with Playwright: https://www.ibiza-spotlight.com/night/promoters/anotr-unvrs
2025-06-05 04:12:48,789 - INFO - scraper_ibizaspotlight_revised_0406.py:332 - Year context 2025 for https://www.ibiza-spotlight.com/night/promoters/anotr-unvrs
2025-06-05 04:12:50,394 - INFO - scraper_ibizaspotlight_revised_0406.py:447 - Processing [1]: https://www.ibiza-spotlight.com/night/promoters/carl-cox
2025-06-05 04:12:50,394 - INFO - scraper_ibizaspotlight_revised_0406.py:173 - Fetching with Playwright: https://www.ibiza-spotlight.com/night/promoters/carl-cox
2025-06-05 04:13:23,007 - INFO - scraper_ibizaspotlight_revised_0406.py:332 - Year context 2025 for https://www.ibiza-spotlight.com/night/promoters/carl-cox
2025-06-05 04:13:23,786 - INFO - scraper_ibizaspotlight_revised_0406.py:468 - Run 20250605_041010 completed. Visited 11 URLs. Found 0 total events.
2025-06-05 04:13:23,786 - INFO - scraper_ibizaspotlight_revised_0406.py:479 - Scraper shutdown for run_id: 20250605_041010.
