2025-06-05 01:57:12,044 - INFO - scraper_ibizaspotlight_revised_0406.py:159 - File logging configured at: /home/creekz/Projects/classy_skrrrapey_mvp/classy_skkkrapey/scrape_logs/scraper_run_20250605_015712.log
2025-06-05 01:57:12,044 - INFO - scraper_ibizaspotlight_revised_0406.py:146 - Initialized with venue context: unvrs
2025-06-05 01:57:12,044 - INFO - scraper_ibizaspotlight_revised_0406.py:401 - Starting scraper run_id: 20250605_015712. CSV: scraped_events_20250605_015712.csv
2025-06-05 01:57:12,044 - INFO - scraper_ibizaspotlight_revised_0406.py:413 - Processing [0]: https://www.ibiza-spotlight.com/night/venue/unvrs
2025-06-05 01:57:12,044 - INFO - scraper_ibizaspotlight_revised_0406.py:170 - Fetching: https://www.ibiza-spotlight.com/night/venue/unvrs
2025-06-05 01:57:14,961 - INFO - scraper_ibizaspotlight_revised_0406.py:426 - Found 10 promoter URLs on https://www.ibiza-spotlight.com/night/venue/unvrs
2025-06-05 01:57:16,720 - INFO - scraper_ibizaspotlight_revised_0406.py:413 - Processing [1]: https://www.ibiza-spotlight.com/night/promoters/eric-prydz-unvrs
2025-06-05 01:57:16,721 - INFO - scraper_ibizaspotlight_revised_0406.py:170 - Fetching: https://www.ibiza-spotlight.com/night/promoters/eric-prydz-unvrs
2025-06-05 01:57:18,627 - INFO - scraper_ibizaspotlight_revised_0406.py:299 - Year context 2025 for https://www.ibiza-spotlight.com/night/promoters/eric-prydz-unvrs
2025-06-05 01:57:20,312 - INFO - scraper_ibizaspotlight_revised_0406.py:413 - Processing [1]: https://www.ibiza-spotlight.com/night/promoters/anotr-unvrs
2025-06-05 01:57:20,312 - INFO - scraper_ibizaspotlight_revised_0406.py:170 - Fetching: https://www.ibiza-spotlight.com/night/promoters/anotr-unvrs
2025-06-05 01:57:21,759 - INFO - scraper_ibizaspotlight_revised_0406.py:299 - Year context 2025 for https://www.ibiza-spotlight.com/night/promoters/anotr-unvrs
2025-06-05 01:57:22,764 - INFO - scraper_ibizaspotlight_revised_0406.py:413 - Processing [1]: https://www.ibiza-spotlight.com/night/promoters/sara-landry-unvrs
2025-06-05 01:57:22,764 - INFO - scraper_ibizaspotlight_revised_0406.py:170 - Fetching: https://www.ibiza-spotlight.com/night/promoters/sara-landry-unvrs
2025-06-05 01:57:24,593 - INFO - scraper_ibizaspotlight_revised_0406.py:299 - Year context 2025 for https://www.ibiza-spotlight.com/night/promoters/sara-landry-unvrs
2025-06-05 01:57:26,244 - INFO - scraper_ibizaspotlight_revised_0406.py:413 - Processing [1]: https://www.ibiza-spotlight.com/night/promoters/david-guetta-unvrs
2025-06-05 01:57:26,244 - INFO - scraper_ibizaspotlight_revised_0406.py:170 - Fetching: https://www.ibiza-spotlight.com/night/promoters/david-guetta-unvrs
2025-06-05 01:57:28,092 - INFO - scraper_ibizaspotlight_revised_0406.py:299 - Year context 2025 for https://www.ibiza-spotlight.com/night/promoters/david-guetta-unvrs
2025-06-05 01:57:28,886 - INFO - scraper_ibizaspotlight_revised_0406.py:413 - Processing [1]: https://www.ibiza-spotlight.com/night/promoters/paradise-unvrs
2025-06-05 01:57:28,886 - INFO - scraper_ibizaspotlight_revised_0406.py:170 - Fetching: https://www.ibiza-spotlight.com/night/promoters/paradise-unvrs
2025-06-05 01:57:31,090 - INFO - scraper_ibizaspotlight_revised_0406.py:299 - Year context 2025 for https://www.ibiza-spotlight.com/night/promoters/paradise-unvrs
2025-06-05 01:57:32,685 - INFO - scraper_ibizaspotlight_revised_0406.py:413 - Processing [1]: https://www.ibiza-spotlight.com/night/promoters/fisher-unvrs
2025-06-05 01:57:32,686 - INFO - scraper_ibizaspotlight_revised_0406.py:170 - Fetching: https://www.ibiza-spotlight.com/night/promoters/fisher-unvrs
2025-06-05 01:57:34,326 - INFO - scraper_ibizaspotlight_revised_0406.py:299 - Year context 2025 for https://www.ibiza-spotlight.com/night/promoters/fisher-unvrs
2025-06-05 01:57:35,299 - INFO - scraper_ibizaspotlight_revised_0406.py:413 - Processing [1]: https://www.ibiza-spotlight.com/night/promoters/carl-cox
2025-06-05 01:57:35,299 - INFO - scraper_ibizaspotlight_revised_0406.py:170 - Fetching: https://www.ibiza-spotlight.com/night/promoters/carl-cox
2025-06-05 01:57:37,371 - INFO - scraper_ibizaspotlight_revised_0406.py:299 - Year context 2025 for https://www.ibiza-spotlight.com/night/promoters/carl-cox
2025-06-05 01:57:38,235 - INFO - scraper_ibizaspotlight_revised_0406.py:413 - Processing [1]: https://www.ibiza-spotlight.com/night/promoters/anyma-unvrs
2025-06-05 01:57:38,235 - INFO - scraper_ibizaspotlight_revised_0406.py:170 - Fetching: https://www.ibiza-spotlight.com/night/promoters/anyma-unvrs
2025-06-05 01:57:40,208 - INFO - scraper_ibizaspotlight_revised_0406.py:299 - Year context 2025 for https://www.ibiza-spotlight.com/night/promoters/anyma-unvrs
2025-06-05 01:57:41,884 - INFO - scraper_ibizaspotlight_revised_0406.py:413 - Processing [1]: https://www.ibiza-spotlight.com/night/promoters/unvrs-opening-party
2025-06-05 01:57:41,884 - INFO - scraper_ibizaspotlight_revised_0406.py:170 - Fetching: https://www.ibiza-spotlight.com/night/promoters/unvrs-opening-party
2025-06-05 01:57:42,943 - INFO - scraper_ibizaspotlight_revised_0406.py:299 - Year context 2025 for https://www.ibiza-spotlight.com/night/promoters/unvrs-opening-party
2025-06-05 01:57:44,507 - INFO - scraper_ibizaspotlight_revised_0406.py:413 - Processing [1]: https://www.ibiza-spotlight.com/night/promoters/elrow-unvrs
2025-06-05 01:57:44,507 - INFO - scraper_ibizaspotlight_revised_0406.py:170 - Fetching: https://www.ibiza-spotlight.com/night/promoters/elrow-unvrs
2025-06-05 01:57:46,093 - INFO - scraper_ibizaspotlight_revised_0406.py:299 - Year context 2025 for https://www.ibiza-spotlight.com/night/promoters/elrow-unvrs
2025-06-05 01:57:47,094 - INFO - scraper_ibizaspotlight_revised_0406.py:432 - Run 20250605_015712 completed. Visited 11 URLs. Found 0 total events.
2025-06-05 01:57:47,094 - INFO - scraper_ibizaspotlight_revised_0406.py:443 - Scraper shutdown for run_id: 20250605_015712.
